{
  "stats": {
    "suites": 12,
    "tests": 41,
    "passes": 23,
    "pending": 0,
    "failures": 18,
    "start": "2021-10-25T22:40:26.964Z",
    "end": "2021-10-25T22:42:01.502Z",
    "duration": 94538,
    "testsRegistered": 41,
    "passPercent": 56.09756097560976,
    "pendingPercent": 0,
    "other": 0,
    "hasOther": false,
    "skipped": 0,
    "hasSkipped": false
  },
  "results": [
    {
      "uuid": "43ed34e3-e230-4d86-92f3-000968771e98",
      "title": "",
      "fullFile": "cypress/integration/project.spec.js",
      "file": "cypress/integration/project.spec.js",
      "beforeHooks": [],
      "afterHooks": [],
      "tests": [],
      "suites": [
        {
          "uuid": "e0e94170-1009-4aa3-80c0-4276e6893a49",
          "title": "1 - Adicione à página o título \"Paleta de Cores\".",
          "fullFile": "",
          "file": "",
          "beforeHooks": [],
          "afterHooks": [],
          "tests": [
            {
              "title": "Verifica se contém um elemento `h1` com o id `title` com o título correto",
              "fullTitle": "1 - Adicione à página o título \"Paleta de Cores\". Verifica se contém um elemento `h1` com o id `title` com o título correto",
              "timedOut": null,
              "duration": 239,
              "state": "passed",
              "speed": "slow",
              "pass": true,
              "fail": false,
              "pending": false,
              "context": null,
              "code": "cy.get('h1#title').should('contain.text', 'Paleta de Cores');",
              "err": {},
              "uuid": "f2e51fb1-6861-461e-bff0-c31be2db6807",
              "parentUUID": "e0e94170-1009-4aa3-80c0-4276e6893a49",
              "isHook": false,
              "skipped": false
            }
          ],
          "suites": [],
          "passes": [
            "f2e51fb1-6861-461e-bff0-c31be2db6807"
          ],
          "failures": [],
          "pending": [],
          "skipped": [],
          "duration": 239,
          "root": false,
          "rootEmpty": false,
          "_timeout": 2000
        },
        {
          "uuid": "29b7c230-1dad-44bf-99e0-8aa82826504b",
          "title": "2 - Adicione à página uma paleta de quatro cores distintas.",
          "fullFile": "",
          "file": "",
          "beforeHooks": [],
          "afterHooks": [],
          "tests": [
            {
              "title": "A paleta de cores deve ser um elemento com `id` denominado `color-palette`",
              "fullTitle": "2 - Adicione à página uma paleta de quatro cores distintas. A paleta de cores deve ser um elemento com `id` denominado `color-palette`",
              "timedOut": null,
              "duration": 257,
              "state": "passed",
              "speed": "slow",
              "pass": true,
              "fail": false,
              "pending": false,
              "context": null,
              "code": "cy.get('#color-palette').should('be.visible');\ncy.get('#color-palette').children('.color');",
              "err": {},
              "uuid": "87bef323-435c-4ff4-93a2-415d2d154014",
              "parentUUID": "29b7c230-1dad-44bf-99e0-8aa82826504b",
              "isHook": false,
              "skipped": false
            },
            {
              "title": "Verifica se cada cor individual da paleta de cores possui a `classe` chamada `color`.",
              "fullTitle": "2 - Adicione à página uma paleta de quatro cores distintas. Verifica se cada cor individual da paleta de cores possui a `classe` chamada `color`.",
              "timedOut": null,
              "duration": 251,
              "state": "passed",
              "speed": "slow",
              "pass": true,
              "fail": false,
              "pending": false,
              "context": null,
              "code": "cy.get('.color').should('have.length', 4).then(function (colors) {\n  for (var i = 0; i < colors.length; i++) {\n    cy.wrap(colors[i]).should('be.visible');\n  }\n});",
              "err": {},
              "uuid": "056f5eff-ea7f-449a-a456-c288f2b89149",
              "parentUUID": "29b7c230-1dad-44bf-99e0-8aa82826504b",
              "isHook": false,
              "skipped": false
            },
            {
              "title": "Verifica se a cor de fundo de cada elemento da paleta é a cor que o elemento representa. **A única cor não permitida na paleta é a cor branca.**",
              "fullTitle": "2 - Adicione à página uma paleta de quatro cores distintas. Verifica se a cor de fundo de cada elemento da paleta é a cor que o elemento representa. **A única cor não permitida na paleta é a cor branca.**",
              "timedOut": null,
              "duration": 247,
              "state": "passed",
              "speed": "slow",
              "pass": true,
              "fail": false,
              "pending": false,
              "context": null,
              "code": "cy.get('.color').each(function (color) {\n  cy.wrap(color).should('have.class', 'color').and('not.have.css', 'background-color', WHITE);\n  cy.wrap(color).should('have.css', 'background-color');\n});",
              "err": {},
              "uuid": "ad70252d-ddad-465a-af5d-a7b196525111",
              "parentUUID": "29b7c230-1dad-44bf-99e0-8aa82826504b",
              "isHook": false,
              "skipped": false
            },
            {
              "title": "Verifica se cada elemento da paleta de cores tem uma borda preta, sólida e com 1 pixel de largura;",
              "fullTitle": "2 - Adicione à página uma paleta de quatro cores distintas. Verifica se cada elemento da paleta de cores tem uma borda preta, sólida e com 1 pixel de largura;",
              "timedOut": null,
              "duration": 190,
              "state": "passed",
              "speed": "slow",
              "pass": true,
              "fail": false,
              "pending": false,
              "context": null,
              "code": "cy.get('.color').each(function (color) {\n  cy.wrap(color).and('have.css', 'border', \"1px solid \".concat(BLACK)).and('have.class', 'color');\n});",
              "err": {},
              "uuid": "991140da-18b1-4a40-8c19-32ad8b32f482",
              "parentUUID": "29b7c230-1dad-44bf-99e0-8aa82826504b",
              "isHook": false,
              "skipped": false
            },
            {
              "title": "Verifica se a paleta lista todas as cores disponíveis para utilização, lado a lado.",
              "fullTitle": "2 - Adicione à página uma paleta de quatro cores distintas. Verifica se a paleta lista todas as cores disponíveis para utilização, lado a lado.",
              "timedOut": null,
              "duration": 133,
              "state": "passed",
              "speed": "slow",
              "pass": true,
              "fail": false,
              "pending": false,
              "context": null,
              "code": "cy.get('.color').then(function (colors) {\n  for (var index = 1; index < colors.length; index += 1) {\n    var currentColor = colors[index];\n    var previousColor = colors[index - 1];\n    cy.wrap(currentColor).should('be.onTheRightOf', previousColor).and('be.horizontallyAlignedWith', previousColor);\n  }\n});",
              "err": {},
              "uuid": "f714889d-a157-4d90-8547-3fd2b6affd9c",
              "parentUUID": "29b7c230-1dad-44bf-99e0-8aa82826504b",
              "isHook": false,
              "skipped": false
            },
            {
              "title": "Verifica se a paleta de cores está posicionada abaixo do título 'Paleta de Cores'",
              "fullTitle": "2 - Adicione à página uma paleta de quatro cores distintas. Verifica se a paleta de cores está posicionada abaixo do título 'Paleta de Cores'",
              "timedOut": null,
              "duration": 98,
              "state": "passed",
              "speed": "slow",
              "pass": true,
              "fail": false,
              "pending": false,
              "context": null,
              "code": "cy.get('h1#title').then(function (title) {\n  cy.get('#color-palette').should('be.belowOf', title);\n});",
              "err": {},
              "uuid": "70978a40-dbc4-4d88-91b9-b751b6ea2db0",
              "parentUUID": "29b7c230-1dad-44bf-99e0-8aa82826504b",
              "isHook": false,
              "skipped": false
            },
            {
              "title": "Verifica se a paleta de cores não contém cores repetidas.",
              "fullTitle": "2 - Adicione à página uma paleta de quatro cores distintas. Verifica se a paleta de cores não contém cores repetidas.",
              "timedOut": null,
              "duration": 160,
              "state": "passed",
              "speed": "slow",
              "pass": true,
              "fail": false,
              "pending": false,
              "context": null,
              "code": "cy.get('.color').then(function (colors) {\n  var allColors = Array.from(colors).map(function (color) {\n    return Cypress.$(color).css('background-color');\n  });\n  cy.log(allColors);\n  var uniqColors = (0, _toConsumableArray2[\"default\"])(new Set(allColors));\n  cy.log(uniqColors);\n  expect(allColors.length).to.eq(uniqColors.length);\n});",
              "err": {},
              "uuid": "e248a643-b5e1-4299-b176-183b46c5781b",
              "parentUUID": "29b7c230-1dad-44bf-99e0-8aa82826504b",
              "isHook": false,
              "skipped": false
            }
          ],
          "suites": [],
          "passes": [
            "87bef323-435c-4ff4-93a2-415d2d154014",
            "056f5eff-ea7f-449a-a456-c288f2b89149",
            "ad70252d-ddad-465a-af5d-a7b196525111",
            "991140da-18b1-4a40-8c19-32ad8b32f482",
            "f714889d-a157-4d90-8547-3fd2b6affd9c",
            "70978a40-dbc4-4d88-91b9-b751b6ea2db0",
            "e248a643-b5e1-4299-b176-183b46c5781b"
          ],
          "failures": [],
          "pending": [],
          "skipped": [],
          "duration": 1336,
          "root": false,
          "rootEmpty": false,
          "_timeout": 2000
        },
        {
          "uuid": "8a8caddc-e747-4c59-a349-7095d49cc2a8",
          "title": "3 - Adicione a cor **preta** como a primeira cor da paleta de cores.",
          "fullFile": "",
          "file": "",
          "beforeHooks": [],
          "afterHooks": [],
          "tests": [
            {
              "title": "Verifica se a primeira cor da paleta é preta",
              "fullTitle": "3 - Adicione a cor **preta** como a primeira cor da paleta de cores. Verifica se a primeira cor da paleta é preta",
              "timedOut": null,
              "duration": 143,
              "state": "passed",
              "speed": "slow",
              "pass": true,
              "fail": false,
              "pending": false,
              "context": null,
              "code": "cy.get('.color').first().should('have.css', 'background-color', BLACK);",
              "err": {},
              "uuid": "db934069-b535-4cb9-ba18-61bf1e0bf2b3",
              "parentUUID": "8a8caddc-e747-4c59-a349-7095d49cc2a8",
              "isHook": false,
              "skipped": false
            },
            {
              "title": "Verifica se as demais cores podem ser escolhidas livremente.",
              "fullTitle": "3 - Adicione a cor **preta** como a primeira cor da paleta de cores. Verifica se as demais cores podem ser escolhidas livremente.",
              "timedOut": null,
              "duration": 294,
              "state": "passed",
              "speed": "slow",
              "pass": true,
              "fail": false,
              "pending": false,
              "context": null,
              "code": "cy.get('.color').eq(1).should('not.have.css', 'background-color', BLACK);\ncy.get('.color').eq(1).should('not.have.css', 'background-color', WHITE);\ncy.get('.color').eq(1).should('not.have.css', 'background-color', 'rgba(0, 0, 0, 0)');\ncy.get('.color').eq(1).should('have.css', 'background-color');\ncy.get('.color').eq(2).should('not.have.css', 'background-color', BLACK);\ncy.get('.color').eq(2).should('not.have.css', 'background-color', WHITE);\ncy.get('.color').eq(2).should('not.have.css', 'background-color', 'rgba(0, 0, 0, 0)');\ncy.get('.color').eq(2).should('have.css', 'background-color');\ncy.get('.color').eq(3).should('not.have.css', 'background-color', BLACK);\ncy.get('.color').eq(3).should('not.have.css', 'background-color', WHITE);\ncy.get('.color').eq(3).should('not.have.css', 'background-color', 'rgba(0, 0, 0, 0)');\ncy.get('.color').eq(3).should('have.css', 'background-color');",
              "err": {},
              "uuid": "86caa3ed-b4bf-42b5-8f0e-6d9a05f05d55",
              "parentUUID": "8a8caddc-e747-4c59-a349-7095d49cc2a8",
              "isHook": false,
              "skipped": false
            }
          ],
          "suites": [],
          "passes": [
            "db934069-b535-4cb9-ba18-61bf1e0bf2b3",
            "86caa3ed-b4bf-42b5-8f0e-6d9a05f05d55"
          ],
          "failures": [],
          "pending": [],
          "skipped": [],
          "duration": 437,
          "root": false,
          "rootEmpty": false,
          "_timeout": 2000
        },
        {
          "uuid": "ba8cfa6c-3274-4160-a39b-56044d813f9a",
          "title": "4 - Adicione à página um quadro de pixels, com 25 pixels.",
          "fullFile": "",
          "file": "",
          "beforeHooks": [],
          "afterHooks": [],
          "tests": [
            {
              "title": "Verifica se o quadro de pixels possui o `id` denominado `pixel-board`",
              "fullTitle": "4 - Adicione à página um quadro de pixels, com 25 pixels. Verifica se o quadro de pixels possui o `id` denominado `pixel-board`",
              "timedOut": null,
              "duration": 180,
              "state": "passed",
              "speed": "slow",
              "pass": true,
              "fail": false,
              "pending": false,
              "context": null,
              "code": "cy.get('#pixel-board').should('be.visible');",
              "err": {},
              "uuid": "3bf093e2-3762-48f3-8154-d84a41439cf4",
              "parentUUID": "ba8cfa6c-3274-4160-a39b-56044d813f9a",
              "isHook": false,
              "skipped": false
            },
            {
              "title": "Verifica se cada pixel individual dentro do quadro possui a `classe` denominada `pixel`.",
              "fullTitle": "4 - Adicione à página um quadro de pixels, com 25 pixels. Verifica se cada pixel individual dentro do quadro possui a `classe` denominada `pixel`.",
              "timedOut": null,
              "duration": 140,
              "state": "passed",
              "speed": "slow",
              "pass": true,
              "fail": false,
              "pending": false,
              "context": null,
              "code": "cy.get('.pixel').should('have.length', 25);",
              "err": {},
              "uuid": "462f3f12-5a40-4058-9c1f-7f9f93ca7cee",
              "parentUUID": "ba8cfa6c-3274-4160-a39b-56044d813f9a",
              "isHook": false,
              "skipped": false
            },
            {
              "title": "Verifica se a cor inicial dos pixels dentro do quadro, ao abrir a página, é branca.",
              "fullTitle": "4 - Adicione à página um quadro de pixels, com 25 pixels. Verifica se a cor inicial dos pixels dentro do quadro, ao abrir a página, é branca.",
              "timedOut": null,
              "duration": 228,
              "state": "passed",
              "speed": "slow",
              "pass": true,
              "fail": false,
              "pending": false,
              "context": null,
              "code": "cy.get('.pixel').should('have.length', 25).each(function (pixel) {\n  expect(pixel).to.have.css('background-color', WHITE);\n});",
              "err": {},
              "uuid": "7b572cf7-dff7-4c5c-8139-12d0488ddf1e",
              "parentUUID": "ba8cfa6c-3274-4160-a39b-56044d813f9a",
              "isHook": false,
              "skipped": false
            },
            {
              "title": "Verifica se o quadro de pixels aparece abaixo da paleta de cores",
              "fullTitle": "4 - Adicione à página um quadro de pixels, com 25 pixels. Verifica se o quadro de pixels aparece abaixo da paleta de cores",
              "timedOut": null,
              "duration": 102,
              "state": "passed",
              "speed": "slow",
              "pass": true,
              "fail": false,
              "pending": false,
              "context": null,
              "code": "cy.get('#color-palette').then(function (palette) {\n  cy.get('#pixel-board').should('be.belowOf', palette);\n});",
              "err": {},
              "uuid": "c13def63-8310-4fae-adbc-a3e9463f95be",
              "parentUUID": "ba8cfa6c-3274-4160-a39b-56044d813f9a",
              "isHook": false,
              "skipped": false
            }
          ],
          "suites": [],
          "passes": [
            "3bf093e2-3762-48f3-8154-d84a41439cf4",
            "462f3f12-5a40-4058-9c1f-7f9f93ca7cee",
            "7b572cf7-dff7-4c5c-8139-12d0488ddf1e",
            "c13def63-8310-4fae-adbc-a3e9463f95be"
          ],
          "failures": [],
          "pending": [],
          "skipped": [],
          "duration": 650,
          "root": false,
          "rootEmpty": false,
          "_timeout": 2000
        },
        {
          "uuid": "264935f9-7540-4257-9529-1b2943d695e8",
          "title": "5 - Faça com que cada elemento do quadro de pixels possua 40 pixels de largura, 40 pixels de altura e seja delimitado por uma borda preta de 1 pixel.",
          "fullFile": "",
          "file": "",
          "beforeHooks": [],
          "afterHooks": [],
          "tests": [
            {
              "title": "Verifica se o quadro de pixels tem altura e comprimento de 5 elementos",
              "fullTitle": "5 - Faça com que cada elemento do quadro de pixels possua 40 pixels de largura, 40 pixels de altura e seja delimitado por uma borda preta de 1 pixel. Verifica se o quadro de pixels tem altura e comprimento de 5 elementos",
              "timedOut": null,
              "duration": 387,
              "state": "passed",
              "speed": "slow",
              "pass": true,
              "fail": false,
              "pending": false,
              "context": null,
              "code": "cy.get('.pixel').should('have.length', 25).each(function (pixel) {\n  expect(pixel).to.have.css('background-color', WHITE);\n}).and(function (pixels) {\n  var rows = chunk(pixels, 5);\n  rows.forEach(function (row) {\n    for (var index = 1; index < row.length; index += 1) {\n      var current = pixels[index];\n      var previous = pixels[index - 1];\n      cy.wrap(current).should('be.onTheRightOf', previous).and('be.horizontallyAlignedWith', previous);\n    }\n  });\n  for (var index = 1; index < 5; index += 1) {\n    expect(pixels[index * 5]).to.be.belowOf(pixels[(index - 1) * 5]);\n  }\n});",
              "err": {},
              "uuid": "ba724976-e8f9-4b56-802c-a617b235ab5c",
              "parentUUID": "264935f9-7540-4257-9529-1b2943d695e8",
              "isHook": false,
              "skipped": false
            },
            {
              "title": "Verifica se 40 pixels é o tamanho total do elemento, incluindo seu conteúdo e excluindo a borda preta, que deve ser criada à parte.",
              "fullTitle": "5 - Faça com que cada elemento do quadro de pixels possua 40 pixels de largura, 40 pixels de altura e seja delimitado por uma borda preta de 1 pixel. Verifica se 40 pixels é o tamanho total do elemento, incluindo seu conteúdo e excluindo a borda preta, que deve ser criada à parte.",
              "timedOut": null,
              "duration": 406,
              "state": "passed",
              "speed": "slow",
              "pass": true,
              "fail": false,
              "pending": false,
              "context": null,
              "code": "cy.get('.pixel').each(function (pixel) {\n  cy.wrap(pixel).should('have.css', 'height', '40px').and('have.css', 'width', '40px').and('have.css', 'border', \"1px solid \".concat(BLACK));\n});",
              "err": {},
              "uuid": "e0e8aaa9-2bd7-41f3-9df2-ae2711cbbfce",
              "parentUUID": "264935f9-7540-4257-9529-1b2943d695e8",
              "isHook": false,
              "skipped": false
            }
          ],
          "suites": [],
          "passes": [
            "ba724976-e8f9-4b56-802c-a617b235ab5c",
            "e0e8aaa9-2bd7-41f3-9df2-ae2711cbbfce"
          ],
          "failures": [],
          "pending": [],
          "skipped": [],
          "duration": 793,
          "root": false,
          "rootEmpty": false,
          "_timeout": 2000
        },
        {
          "uuid": "0d69bcf7-a379-472b-ab1b-a59b8fa1afae",
          "title": "6 - Defina a cor preta como cor inicial. Ao carregar a página a cor preta já deve estar selecionada para pintar os pixels",
          "fullFile": "",
          "file": "",
          "beforeHooks": [],
          "afterHooks": [],
          "tests": [
            {
              "title": "Verifica se o elemento da cor preta possui, inicialmente, a `classe` `selected`",
              "fullTitle": "6 - Defina a cor preta como cor inicial. Ao carregar a página a cor preta já deve estar selecionada para pintar os pixels Verifica se o elemento da cor preta possui, inicialmente, a `classe` `selected`",
              "timedOut": null,
              "duration": 108,
              "state": "passed",
              "speed": "slow",
              "pass": true,
              "fail": false,
              "pending": false,
              "context": null,
              "code": "cy.get('.selected').first().should('have.css', 'background-color', BLACK);",
              "err": {},
              "uuid": "96f6b2e6-d174-4448-b831-1c77488acd11",
              "parentUUID": "0d69bcf7-a379-472b-ab1b-a59b8fa1afae",
              "isHook": false,
              "skipped": false
            },
            {
              "title": "Verifica se nenhuma outra cor da paleta tem a `classe` `selected`",
              "fullTitle": "6 - Defina a cor preta como cor inicial. Ao carregar a página a cor preta já deve estar selecionada para pintar os pixels Verifica se nenhuma outra cor da paleta tem a `classe` `selected`",
              "timedOut": null,
              "duration": 120,
              "state": "passed",
              "speed": "slow",
              "pass": true,
              "fail": false,
              "pending": false,
              "context": null,
              "code": "cy.get('.color:not(:first-child)').each(function (color) {\n  cy.wrap(color).should('not.have.class', 'selected');\n});",
              "err": {},
              "uuid": "858b1a4b-c4bf-48ad-9259-561e941c45c2",
              "parentUUID": "0d69bcf7-a379-472b-ab1b-a59b8fa1afae",
              "isHook": false,
              "skipped": false
            }
          ],
          "suites": [],
          "passes": [
            "96f6b2e6-d174-4448-b831-1c77488acd11",
            "858b1a4b-c4bf-48ad-9259-561e941c45c2"
          ],
          "failures": [],
          "pending": [],
          "skipped": [],
          "duration": 228,
          "root": false,
          "rootEmpty": false,
          "_timeout": 2000
        },
        {
          "uuid": "c2bf7bea-af05-4164-adf4-42bcd31c14bf",
          "title": "7 - Clicar em uma das cores da paleta, faz com que ela seja selecionada e utilizada para preencher os pixels no quadro.",
          "fullFile": "",
          "file": "",
          "beforeHooks": [],
          "afterHooks": [],
          "tests": [
            {
              "title": "Verifica se somente uma cor da paleta de cores tem a classe `selected` de cada vez",
              "fullTitle": "7 - Clicar em uma das cores da paleta, faz com que ela seja selecionada e utilizada para preencher os pixels no quadro. Verifica se somente uma cor da paleta de cores tem a classe `selected` de cada vez",
              "timedOut": null,
              "duration": 577,
              "state": "passed",
              "speed": "slow",
              "pass": true,
              "fail": false,
              "pending": false,
              "context": null,
              "code": "cy.get('.color').each(function (selectedColor, selectedColorIndex) {\n  cy.wrap(selectedColor).click();\n  cy.get('.color').each(function (color, colorIndex) {\n    if (colorIndex === selectedColorIndex) {\n      expect(color).to.have[\"class\"]('selected');\n    } else {\n      expect(color).not.to.have[\"class\"]('selected');\n    }\n  });\n});",
              "err": {},
              "uuid": "43194242-3bfc-48d7-bd9e-ea1c643ce18c",
              "parentUUID": "c2bf7bea-af05-4164-adf4-42bcd31c14bf",
              "isHook": false,
              "skipped": false
            },
            {
              "title": "Verifica se os pixels dentro do quadro não têm a classe `selected` quando são clicados",
              "fullTitle": "7 - Clicar em uma das cores da paleta, faz com que ela seja selecionada e utilizada para preencher os pixels no quadro. Verifica se os pixels dentro do quadro não têm a classe `selected` quando são clicados",
              "timedOut": null,
              "duration": 9195,
              "state": "passed",
              "speed": "slow",
              "pass": true,
              "fail": false,
              "pending": false,
              "context": null,
              "code": "cy.get('.color').each(function (color) {\n  var backgroundColor = color.css('background-color');\n  cy.wrap(color).click();\n  cy.get('.pixel').each(function (pixel) {\n    cy.wrap(pixel).click().should('not.have.class', 'selected');\n  });\n});",
              "err": {},
              "uuid": "74f39c8d-2820-4a97-97f3-3900ce7c5d6d",
              "parentUUID": "c2bf7bea-af05-4164-adf4-42bcd31c14bf",
              "isHook": false,
              "skipped": false
            }
          ],
          "suites": [],
          "passes": [
            "43194242-3bfc-48d7-bd9e-ea1c643ce18c",
            "74f39c8d-2820-4a97-97f3-3900ce7c5d6d"
          ],
          "failures": [],
          "pending": [],
          "skipped": [],
          "duration": 9772,
          "root": false,
          "rootEmpty": false,
          "_timeout": 2000
        },
        {
          "uuid": "e509808f-ede5-4247-93ad-e72c881b0fca",
          "title": "8 - Clicar em um pixel dentro do quadro após selecionar uma cor na paleta, faz com que o pixel seja preenchido com a cor selecionada.",
          "fullFile": "",
          "file": "",
          "beforeHooks": [],
          "afterHooks": [],
          "tests": [
            {
              "title": "Verifica se ao carregar a página deve ser possível pintar os pixels de preto",
              "fullTitle": "8 - Clicar em um pixel dentro do quadro após selecionar uma cor na paleta, faz com que o pixel seja preenchido com a cor selecionada. Verifica se ao carregar a página deve ser possível pintar os pixels de preto",
              "timedOut": null,
              "duration": 4575,
              "state": "failed",
              "speed": null,
              "pass": false,
              "fail": true,
              "pending": false,
              "context": null,
              "code": "cy.get('.pixel').each(function (pixel) {\n  cy.wrap(pixel).click().should('have.css', 'background-color', BLACK);\n});",
              "err": {
                "message": "CypressError: Timed out retrying: expected '<div.pixel>' to have CSS property 'background-color' with the value 'rgb(0, 0, 0)', but the value was 'rgb(255, 255, 255)'",
                "estack": "CypressError: Timed out retrying: expected '<div.pixel>' to have CSS property 'background-color' with the value 'rgb(0, 0, 0)', but the value was 'rgb(255, 255, 255)'\n    at cypressErr (http://localhost:40523/__cypress/runner/cypress_runner.js:149934:9)\n    at throwErr (http://localhost:40523/__cypress/runner/cypress_runner.js:149867:11)\n    at Object.throwErrByPath (http://localhost:40523/__cypress/runner/cypress_runner.js:149915:3)\n    at retry (http://localhost:40523/__cypress/runner/cypress_runner.js:144197:19)\n    at onFailFn (http://localhost:40523/__cypress/runner/cypress_runner.js:132448:16)\n    at tryCatcher (http://localhost:40523/__cypress/runner/cypress_runner.js:167415:23)\n    at Promise._settlePromiseFromHandler (http://localhost:40523/__cypress/runner/cypress_runner.js:165351:31)\n    at Promise._settlePromise (http://localhost:40523/__cypress/runner/cypress_runner.js:165408:18)\n    at Promise._settlePromise0 (http://localhost:40523/__cypress/runner/cypress_runner.js:165453:10)\n    at Promise._settlePromises (http://localhost:40523/__cypress/runner/cypress_runner.js:165528:18)\n    at Async../node_modules/bluebird/js/release/async.js.Async._drainQueue (http://localhost:40523/__cypress/runner/cypress_runner.js:162140:16)\n    at Async../node_modules/bluebird/js/release/async.js.Async._drainQueues (http://localhost:40523/__cypress/runner/cypress_runner.js:162150:10)\n    at Async.drainQueues (http://localhost:40523/__cypress/runner/cypress_runner.js:162024:14)",
                "diff": null
              },
              "uuid": "ea8a6be5-ff60-466c-b592-e1f6e42a417d",
              "parentUUID": "e509808f-ede5-4247-93ad-e72c881b0fca",
              "isHook": false,
              "skipped": false
            },
            {
              "title": "Verifica se após selecionar uma outra cor na paleta, é possível pintar os pixels com essa cor",
              "fullTitle": "8 - Clicar em um pixel dentro do quadro após selecionar uma cor na paleta, faz com que o pixel seja preenchido com a cor selecionada. Verifica se após selecionar uma outra cor na paleta, é possível pintar os pixels com essa cor",
              "timedOut": null,
              "duration": 4818,
              "state": "failed",
              "speed": null,
              "pass": false,
              "fail": true,
              "pending": false,
              "context": null,
              "code": "cy.get('.color').each(function (color) {\n  var backgroundColor = color.css('background-color');\n  cy.wrap(color).click();\n  cy.get('.pixel').each(function (pixel) {\n    cy.wrap(pixel).click().should('have.css', 'background-color', backgroundColor);\n  });\n});",
              "err": {
                "message": "CypressError: Timed out retrying: expected '<div.pixel>' to have CSS property 'background-color' with the value 'rgb(0, 0, 0)', but the value was 'rgb(255, 255, 255)'",
                "estack": "CypressError: Timed out retrying: expected '<div.pixel>' to have CSS property 'background-color' with the value 'rgb(0, 0, 0)', but the value was 'rgb(255, 255, 255)'\n    at cypressErr (http://localhost:40523/__cypress/runner/cypress_runner.js:149934:9)\n    at throwErr (http://localhost:40523/__cypress/runner/cypress_runner.js:149867:11)\n    at Object.throwErrByPath (http://localhost:40523/__cypress/runner/cypress_runner.js:149915:3)\n    at retry (http://localhost:40523/__cypress/runner/cypress_runner.js:144197:19)\n    at onFailFn (http://localhost:40523/__cypress/runner/cypress_runner.js:132448:16)\n    at tryCatcher (http://localhost:40523/__cypress/runner/cypress_runner.js:167415:23)\n    at Promise._settlePromiseFromHandler (http://localhost:40523/__cypress/runner/cypress_runner.js:165351:31)\n    at Promise._settlePromise (http://localhost:40523/__cypress/runner/cypress_runner.js:165408:18)\n    at Promise._settlePromise0 (http://localhost:40523/__cypress/runner/cypress_runner.js:165453:10)\n    at Promise._settlePromises (http://localhost:40523/__cypress/runner/cypress_runner.js:165528:18)\n    at Async../node_modules/bluebird/js/release/async.js.Async._drainQueue (http://localhost:40523/__cypress/runner/cypress_runner.js:162140:16)\n    at Async../node_modules/bluebird/js/release/async.js.Async._drainQueues (http://localhost:40523/__cypress/runner/cypress_runner.js:162150:10)\n    at Async.drainQueues (http://localhost:40523/__cypress/runner/cypress_runner.js:162024:14)",
                "diff": null
              },
              "uuid": "ece72ddd-b632-4788-901a-90d0a87b4604",
              "parentUUID": "e509808f-ede5-4247-93ad-e72c881b0fca",
              "isHook": false,
              "skipped": false
            },
            {
              "title": "Verifica se somente o pixel que foi clicado foi preenchido com a cor selecionada, sem influenciar na cor dos demais pixels.",
              "fullTitle": "8 - Clicar em um pixel dentro do quadro após selecionar uma cor na paleta, faz com que o pixel seja preenchido com a cor selecionada. Verifica se somente o pixel que foi clicado foi preenchido com a cor selecionada, sem influenciar na cor dos demais pixels.",
              "timedOut": null,
              "duration": 2020,
              "state": "passed",
              "speed": "slow",
              "pass": true,
              "fail": false,
              "pending": false,
              "context": null,
              "code": "var colorToPixelIndexMap = {\n  0: 6,\n  1: 8,\n  2: 16,\n  3: 18\n};\ncy.get('.color').each(function (color, index) {\n  cy.wrap(color).click();\n  var backgroundColor = color.css('background-color');\n  var clickedPixelIndex = colorToPixelIndexMap[index];\n  cy.get('.pixel').eq(clickedPixelIndex).click();\n  cy.get('.pixel').eq(clickedPixelIndex - 1).should('not.have.css', 'background-color', backgroundColor);\n  cy.get('.pixel').eq(clickedPixelIndex + 1).should('not.have.css', 'background-color', backgroundColor);\n  cy.get('.pixel').eq(clickedPixelIndex - 5).should('not.have.css', 'background-color', backgroundColor);\n  cy.get('.pixel').eq(clickedPixelIndex + 5).should('not.have.css', 'background-color', backgroundColor);\n  cy.get('.pixel').eq(clickedPixelIndex - 6).should('not.have.css', 'background-color', backgroundColor);\n  cy.get('.pixel').eq(clickedPixelIndex - 4).should('not.have.css', 'background-color', backgroundColor);\n  cy.get('.pixel').eq(clickedPixelIndex + 4).should('not.have.css', 'background-color', backgroundColor);\n  cy.get('.pixel').eq(clickedPixelIndex + 6).should('not.have.css', 'background-color', backgroundColor);\n});",
              "err": {},
              "uuid": "5311834c-3716-4b8a-81d8-d5aa12bafe72",
              "parentUUID": "e509808f-ede5-4247-93ad-e72c881b0fca",
              "isHook": false,
              "skipped": false
            }
          ],
          "suites": [],
          "passes": [
            "5311834c-3716-4b8a-81d8-d5aa12bafe72"
          ],
          "failures": [
            "ea8a6be5-ff60-466c-b592-e1f6e42a417d",
            "ece72ddd-b632-4788-901a-90d0a87b4604"
          ],
          "pending": [],
          "skipped": [],
          "duration": 11413,
          "root": false,
          "rootEmpty": false,
          "_timeout": 2000
        },
        {
          "uuid": "a2c9cf05-49d8-42de-8cb1-59aa7055c164",
          "title": "9 - Crie um botão que, ao ser clicado, limpa o quadro preenchendo a cor de todos seus pixels com branco.",
          "fullFile": "",
          "file": "",
          "beforeHooks": [],
          "afterHooks": [],
          "tests": [
            {
              "title": "Verifica se o botão tem o `id` denominado `clear-board`",
              "fullTitle": "9 - Crie um botão que, ao ser clicado, limpa o quadro preenchendo a cor de todos seus pixels com branco. Verifica se o botão tem o `id` denominado `clear-board`",
              "timedOut": null,
              "duration": 240,
              "state": "passed",
              "speed": "slow",
              "pass": true,
              "fail": false,
              "pending": false,
              "context": null,
              "code": "cy.get('#clear-board').should('be.visible');",
              "err": {},
              "uuid": "ab4fa615-7ad1-4672-b853-4ff838539b25",
              "parentUUID": "a2c9cf05-49d8-42de-8cb1-59aa7055c164",
              "isHook": false,
              "skipped": false
            },
            {
              "title": "Verifica se o botão está posicionado entre a paleta de cores e o quadro de pixels",
              "fullTitle": "9 - Crie um botão que, ao ser clicado, limpa o quadro preenchendo a cor de todos seus pixels com branco. Verifica se o botão está posicionado entre a paleta de cores e o quadro de pixels",
              "timedOut": null,
              "duration": 4336,
              "state": "failed",
              "speed": null,
              "pass": false,
              "fail": true,
              "pending": false,
              "context": null,
              "code": "cy.get('#color-palette').then(function (palette) {\n  cy.get('#clear-board').should('be.belowOf', palette);\n});\ncy.get('#clear-board').then(function (clearBtn) {\n  cy.get('#pixel-board').should('be.belowOf', clearBtn);\n});",
              "err": {
                "message": "CypressError: Timed out retrying: expected '<section#pixel-board>' to be below of { Object (0, length, ...) }",
                "estack": "CypressError: Timed out retrying: expected '<section#pixel-board>' to be below of { Object (0, length, ...) }\n    at cypressErr (http://localhost:40523/__cypress/runner/cypress_runner.js:149934:9)\n    at throwErr (http://localhost:40523/__cypress/runner/cypress_runner.js:149867:11)\n    at Object.throwErrByPath (http://localhost:40523/__cypress/runner/cypress_runner.js:149915:3)\n    at retry (http://localhost:40523/__cypress/runner/cypress_runner.js:144197:19)\n    at onFailFn (http://localhost:40523/__cypress/runner/cypress_runner.js:132448:16)\n    at tryCatcher (http://localhost:40523/__cypress/runner/cypress_runner.js:167415:23)\n    at Promise._settlePromiseFromHandler (http://localhost:40523/__cypress/runner/cypress_runner.js:165351:31)\n    at Promise._settlePromise (http://localhost:40523/__cypress/runner/cypress_runner.js:165408:18)\n    at Promise._settlePromise0 (http://localhost:40523/__cypress/runner/cypress_runner.js:165453:10)\n    at Promise._settlePromises (http://localhost:40523/__cypress/runner/cypress_runner.js:165528:18)\n    at Async../node_modules/bluebird/js/release/async.js.Async._drainQueue (http://localhost:40523/__cypress/runner/cypress_runner.js:162140:16)\n    at Async../node_modules/bluebird/js/release/async.js.Async._drainQueues (http://localhost:40523/__cypress/runner/cypress_runner.js:162150:10)\n    at Async.drainQueues (http://localhost:40523/__cypress/runner/cypress_runner.js:162024:14)",
                "diff": null
              },
              "uuid": "f79981b0-fde6-4795-8d5b-448a6071bd6f",
              "parentUUID": "a2c9cf05-49d8-42de-8cb1-59aa7055c164",
              "isHook": false,
              "skipped": false
            },
            {
              "title": "Verifica se o texto do botão é 'Limpar'",
              "fullTitle": "9 - Crie um botão que, ao ser clicado, limpa o quadro preenchendo a cor de todos seus pixels com branco. Verifica se o texto do botão é 'Limpar'",
              "timedOut": null,
              "duration": 421,
              "state": "passed",
              "speed": "slow",
              "pass": true,
              "fail": false,
              "pending": false,
              "context": null,
              "code": "cy.get('#clear-board').should('contain.text', 'Limpar');",
              "err": {},
              "uuid": "4cb643ca-3f8a-4f2c-a9bb-25546f036f18",
              "parentUUID": "a2c9cf05-49d8-42de-8cb1-59aa7055c164",
              "isHook": false,
              "skipped": false
            },
            {
              "title": "Verifica se ao clicar no botão, o quadro de pixels é totalmente preenchido de branco",
              "fullTitle": "9 - Crie um botão que, ao ser clicado, limpa o quadro preenchendo a cor de todos seus pixels com branco. Verifica se ao clicar no botão, o quadro de pixels é totalmente preenchido de branco",
              "timedOut": null,
              "duration": 4676,
              "state": "failed",
              "speed": null,
              "pass": false,
              "fail": true,
              "pending": false,
              "context": null,
              "code": "cy.get('.color').eq(1).then(function (color) {\n  var backgroundColor = color.css('background-color');\n  cy.wrap(color).click();\n  cy.get('.pixel').each(function (pixel) {\n    cy.wrap(pixel).click().should('have.css', 'background-color', backgroundColor);\n  });\n});\ncy.get('#clear-board').click();\ncy.get('.pixel').each(function (pixel) {\n  cy.wrap(pixel).should('have.css', 'background-color', WHITE);\n});",
              "err": {
                "message": "CypressError: Timed out retrying: expected '<div.pixel>' to have CSS property 'background-color' with the value 'rgb(255, 0, 0)', but the value was 'rgb(255, 255, 255)'",
                "estack": "CypressError: Timed out retrying: expected '<div.pixel>' to have CSS property 'background-color' with the value 'rgb(255, 0, 0)', but the value was 'rgb(255, 255, 255)'\n    at cypressErr (http://localhost:40523/__cypress/runner/cypress_runner.js:149934:9)\n    at throwErr (http://localhost:40523/__cypress/runner/cypress_runner.js:149867:11)\n    at Object.throwErrByPath (http://localhost:40523/__cypress/runner/cypress_runner.js:149915:3)\n    at retry (http://localhost:40523/__cypress/runner/cypress_runner.js:144197:19)\n    at onFailFn (http://localhost:40523/__cypress/runner/cypress_runner.js:132448:16)\n    at tryCatcher (http://localhost:40523/__cypress/runner/cypress_runner.js:167415:23)\n    at Promise._settlePromiseFromHandler (http://localhost:40523/__cypress/runner/cypress_runner.js:165351:31)\n    at Promise._settlePromise (http://localhost:40523/__cypress/runner/cypress_runner.js:165408:18)\n    at Promise._settlePromise0 (http://localhost:40523/__cypress/runner/cypress_runner.js:165453:10)\n    at Promise._settlePromises (http://localhost:40523/__cypress/runner/cypress_runner.js:165528:18)\n    at Async../node_modules/bluebird/js/release/async.js.Async._drainQueue (http://localhost:40523/__cypress/runner/cypress_runner.js:162140:16)\n    at Async../node_modules/bluebird/js/release/async.js.Async._drainQueues (http://localhost:40523/__cypress/runner/cypress_runner.js:162150:10)\n    at Async.drainQueues (http://localhost:40523/__cypress/runner/cypress_runner.js:162024:14)",
                "diff": null
              },
              "uuid": "4d3cf7b8-5b06-4c8b-aca5-44cd873aafc9",
              "parentUUID": "a2c9cf05-49d8-42de-8cb1-59aa7055c164",
              "isHook": false,
              "skipped": false
            }
          ],
          "suites": [],
          "passes": [
            "ab4fa615-7ad1-4672-b853-4ff838539b25",
            "4cb643ca-3f8a-4f2c-a9bb-25546f036f18"
          ],
          "failures": [
            "f79981b0-fde6-4795-8d5b-448a6071bd6f",
            "4d3cf7b8-5b06-4c8b-aca5-44cd873aafc9"
          ],
          "pending": [],
          "skipped": [],
          "duration": 9673,
          "root": false,
          "rootEmpty": false,
          "_timeout": 2000
        },
        {
          "uuid": "3d9606d7-00eb-4fc2-897c-5ddff4938381",
          "title": "10 - Faça o quadro de pixels ter seu tamanho definido pelo usuário.",
          "fullFile": "",
          "file": "",
          "beforeHooks": [],
          "afterHooks": [],
          "tests": [
            {
              "title": "Verifica se existe um input com o id `board-size`",
              "fullTitle": "10 - Faça o quadro de pixels ter seu tamanho definido pelo usuário. Verifica se existe um input com o id `board-size`",
              "timedOut": null,
              "duration": 4530,
              "state": "failed",
              "speed": null,
              "pass": false,
              "fail": true,
              "pending": false,
              "context": null,
              "code": "cy.get('#board-size').should('be.visible');",
              "err": {
                "message": "CypressError: Timed out retrying: Expected to find element: '#board-size', but never found it.",
                "estack": "CypressError: Timed out retrying: Expected to find element: '#board-size', but never found it.\n    at cypressErr (http://localhost:40523/__cypress/runner/cypress_runner.js:149934:9)\n    at throwErr (http://localhost:40523/__cypress/runner/cypress_runner.js:149867:11)\n    at Object.throwErrByPath (http://localhost:40523/__cypress/runner/cypress_runner.js:149915:3)\n    at retry (http://localhost:40523/__cypress/runner/cypress_runner.js:144197:19)\n    at onFailFn (http://localhost:40523/__cypress/runner/cypress_runner.js:132448:16)\n    at tryCatcher (http://localhost:40523/__cypress/runner/cypress_runner.js:167415:23)\n    at Promise._settlePromiseFromHandler (http://localhost:40523/__cypress/runner/cypress_runner.js:165351:31)\n    at Promise._settlePromise (http://localhost:40523/__cypress/runner/cypress_runner.js:165408:18)\n    at Promise._settlePromise0 (http://localhost:40523/__cypress/runner/cypress_runner.js:165453:10)\n    at Promise._settlePromises (http://localhost:40523/__cypress/runner/cypress_runner.js:165528:18)\n    at Async../node_modules/bluebird/js/release/async.js.Async._drainQueue (http://localhost:40523/__cypress/runner/cypress_runner.js:162140:16)\n    at Async../node_modules/bluebird/js/release/async.js.Async._drainQueues (http://localhost:40523/__cypress/runner/cypress_runner.js:162150:10)\n    at Async.drainQueues (http://localhost:40523/__cypress/runner/cypress_runner.js:162024:14)",
                "diff": null
              },
              "uuid": "80d9df6a-81b4-4429-a09f-5007654d5eac",
              "parentUUID": "3d9606d7-00eb-4fc2-897c-5ddff4938381",
              "isHook": false,
              "skipped": false
            },
            {
              "title": "Verifica se existe um botão com o id `generate-board`",
              "fullTitle": "10 - Faça o quadro de pixels ter seu tamanho definido pelo usuário. Verifica se existe um botão com o id `generate-board`",
              "timedOut": null,
              "duration": 4524,
              "state": "failed",
              "speed": null,
              "pass": false,
              "fail": true,
              "pending": false,
              "context": null,
              "code": "cy.get('#generate-board').should('be.visible');",
              "err": {
                "message": "CypressError: Timed out retrying: Expected to find element: '#generate-board', but never found it.",
                "estack": "CypressError: Timed out retrying: Expected to find element: '#generate-board', but never found it.\n    at cypressErr (http://localhost:40523/__cypress/runner/cypress_runner.js:149934:9)\n    at throwErr (http://localhost:40523/__cypress/runner/cypress_runner.js:149867:11)\n    at Object.throwErrByPath (http://localhost:40523/__cypress/runner/cypress_runner.js:149915:3)\n    at retry (http://localhost:40523/__cypress/runner/cypress_runner.js:144197:19)\n    at onFailFn (http://localhost:40523/__cypress/runner/cypress_runner.js:132448:16)\n    at tryCatcher (http://localhost:40523/__cypress/runner/cypress_runner.js:167415:23)\n    at Promise._settlePromiseFromHandler (http://localhost:40523/__cypress/runner/cypress_runner.js:165351:31)\n    at Promise._settlePromise (http://localhost:40523/__cypress/runner/cypress_runner.js:165408:18)\n    at Promise._settlePromise0 (http://localhost:40523/__cypress/runner/cypress_runner.js:165453:10)\n    at Promise._settlePromises (http://localhost:40523/__cypress/runner/cypress_runner.js:165528:18)\n    at Async../node_modules/bluebird/js/release/async.js.Async._drainQueue (http://localhost:40523/__cypress/runner/cypress_runner.js:162140:16)\n    at Async../node_modules/bluebird/js/release/async.js.Async._drainQueues (http://localhost:40523/__cypress/runner/cypress_runner.js:162150:10)\n    at Async.drainQueues (http://localhost:40523/__cypress/runner/cypress_runner.js:162024:14)",
                "diff": null
              },
              "uuid": "62600145-c3de-49a0-ad1b-7e052c95a8f6",
              "parentUUID": "3d9606d7-00eb-4fc2-897c-5ddff4938381",
              "isHook": false,
              "skipped": false
            },
            {
              "title": "Verifica se o input só aceita número maiores que zero. Essa restrição deve ser feita usando os atributos do elemento `input`",
              "fullTitle": "10 - Faça o quadro de pixels ter seu tamanho definido pelo usuário. Verifica se o input só aceita número maiores que zero. Essa restrição deve ser feita usando os atributos do elemento `input`",
              "timedOut": null,
              "duration": 4588,
              "state": "failed",
              "speed": null,
              "pass": false,
              "fail": true,
              "pending": false,
              "context": null,
              "code": "cy.get('#board-size[type=\\'number\\'][min=\\'1\\']');",
              "err": {
                "message": "CypressError: Timed out retrying: Expected to find element: '#board-size[type='number'][min='1']', but never found it.",
                "estack": "CypressError: Timed out retrying: Expected to find element: '#board-size[type='number'][min='1']', but never found it.\n    at cypressErr (http://localhost:40523/__cypress/runner/cypress_runner.js:149934:9)\n    at throwErr (http://localhost:40523/__cypress/runner/cypress_runner.js:149867:11)\n    at Object.throwErrByPath (http://localhost:40523/__cypress/runner/cypress_runner.js:149915:3)\n    at retry (http://localhost:40523/__cypress/runner/cypress_runner.js:144197:19)\n    at onFailFn (http://localhost:40523/__cypress/runner/cypress_runner.js:132448:16)\n    at tryCatcher (http://localhost:40523/__cypress/runner/cypress_runner.js:167415:23)\n    at Promise._settlePromiseFromHandler (http://localhost:40523/__cypress/runner/cypress_runner.js:165351:31)\n    at Promise._settlePromise (http://localhost:40523/__cypress/runner/cypress_runner.js:165408:18)\n    at Promise._settlePromise0 (http://localhost:40523/__cypress/runner/cypress_runner.js:165453:10)\n    at Promise._settlePromises (http://localhost:40523/__cypress/runner/cypress_runner.js:165528:18)\n    at Async../node_modules/bluebird/js/release/async.js.Async._drainQueue (http://localhost:40523/__cypress/runner/cypress_runner.js:162140:16)\n    at Async../node_modules/bluebird/js/release/async.js.Async._drainQueues (http://localhost:40523/__cypress/runner/cypress_runner.js:162150:10)\n    at Async.drainQueues (http://localhost:40523/__cypress/runner/cypress_runner.js:162024:14)",
                "diff": null
              },
              "uuid": "3d9dbca6-6a06-4911-aa05-427b725b173f",
              "parentUUID": "3d9606d7-00eb-4fc2-897c-5ddff4938381",
              "isHook": false,
              "skipped": false
            },
            {
              "title": "Verifica se o botão contém o texto 'VQV'",
              "fullTitle": "10 - Faça o quadro de pixels ter seu tamanho definido pelo usuário. Verifica se o botão contém o texto 'VQV'",
              "timedOut": null,
              "duration": 4525,
              "state": "failed",
              "speed": null,
              "pass": false,
              "fail": true,
              "pending": false,
              "context": null,
              "code": "cy.get('#generate-board').contains(/vqv/i);",
              "err": {
                "message": "CypressError: Timed out retrying: Expected to find element: '#generate-board', but never found it.",
                "estack": "CypressError: Timed out retrying: Expected to find element: '#generate-board', but never found it.\n    at cypressErr (http://localhost:40523/__cypress/runner/cypress_runner.js:149934:9)\n    at throwErr (http://localhost:40523/__cypress/runner/cypress_runner.js:149867:11)\n    at Object.throwErrByPath (http://localhost:40523/__cypress/runner/cypress_runner.js:149915:3)\n    at retry (http://localhost:40523/__cypress/runner/cypress_runner.js:144197:19)\n    at onFailFn (http://localhost:40523/__cypress/runner/cypress_runner.js:132448:16)\n    at tryCatcher (http://localhost:40523/__cypress/runner/cypress_runner.js:167415:23)\n    at Promise._settlePromiseFromHandler (http://localhost:40523/__cypress/runner/cypress_runner.js:165351:31)\n    at Promise._settlePromise (http://localhost:40523/__cypress/runner/cypress_runner.js:165408:18)\n    at Promise._settlePromise0 (http://localhost:40523/__cypress/runner/cypress_runner.js:165453:10)\n    at Promise._settlePromises (http://localhost:40523/__cypress/runner/cypress_runner.js:165528:18)\n    at Async../node_modules/bluebird/js/release/async.js.Async._drainQueue (http://localhost:40523/__cypress/runner/cypress_runner.js:162140:16)\n    at Async../node_modules/bluebird/js/release/async.js.Async._drainQueues (http://localhost:40523/__cypress/runner/cypress_runner.js:162150:10)\n    at Async.drainQueues (http://localhost:40523/__cypress/runner/cypress_runner.js:162024:14)",
                "diff": null
              },
              "uuid": "5f385fb6-2a24-4108-8321-dd10d81d2a94",
              "parentUUID": "3d9606d7-00eb-4fc2-897c-5ddff4938381",
              "isHook": false,
              "skipped": false
            },
            {
              "title": "Verifica se o input está posicionado entre a paleta de cores e o quadro de pixels",
              "fullTitle": "10 - Faça o quadro de pixels ter seu tamanho definido pelo usuário. Verifica se o input está posicionado entre a paleta de cores e o quadro de pixels",
              "timedOut": null,
              "duration": 4574,
              "state": "failed",
              "speed": null,
              "pass": false,
              "fail": true,
              "pending": false,
              "context": null,
              "code": "cy.get('#color-palette').then(function (palette) {\n  cy.get('#board-size').should('be.belowOf', palette);\n});\ncy.get('#board-size').then(function (palette) {\n  cy.get('#pixel-board').should('be.belowOf', palette);\n});",
              "err": {
                "message": "CypressError: Timed out retrying: Expected to find element: '#board-size', but never found it.",
                "estack": "CypressError: Timed out retrying: Expected to find element: '#board-size', but never found it.\n    at cypressErr (http://localhost:40523/__cypress/runner/cypress_runner.js:149934:9)\n    at throwErr (http://localhost:40523/__cypress/runner/cypress_runner.js:149867:11)\n    at Object.throwErrByPath (http://localhost:40523/__cypress/runner/cypress_runner.js:149915:3)\n    at retry (http://localhost:40523/__cypress/runner/cypress_runner.js:144197:19)\n    at onFailFn (http://localhost:40523/__cypress/runner/cypress_runner.js:132448:16)\n    at tryCatcher (http://localhost:40523/__cypress/runner/cypress_runner.js:167415:23)\n    at Promise._settlePromiseFromHandler (http://localhost:40523/__cypress/runner/cypress_runner.js:165351:31)\n    at Promise._settlePromise (http://localhost:40523/__cypress/runner/cypress_runner.js:165408:18)\n    at Promise._settlePromise0 (http://localhost:40523/__cypress/runner/cypress_runner.js:165453:10)\n    at Promise._settlePromises (http://localhost:40523/__cypress/runner/cypress_runner.js:165528:18)\n    at Async../node_modules/bluebird/js/release/async.js.Async._drainQueue (http://localhost:40523/__cypress/runner/cypress_runner.js:162140:16)\n    at Async../node_modules/bluebird/js/release/async.js.Async._drainQueues (http://localhost:40523/__cypress/runner/cypress_runner.js:162150:10)\n    at Async.drainQueues (http://localhost:40523/__cypress/runner/cypress_runner.js:162024:14)",
                "diff": null
              },
              "uuid": "c1ec3968-1e64-45b2-9985-90701c0b51c1",
              "parentUUID": "3d9606d7-00eb-4fc2-897c-5ddff4938381",
              "isHook": false,
              "skipped": false
            },
            {
              "title": "Verifica se o botão está posicionado ao lado do input",
              "fullTitle": "10 - Faça o quadro de pixels ter seu tamanho definido pelo usuário. Verifica se o botão está posicionado ao lado do input",
              "timedOut": null,
              "duration": 4525,
              "state": "failed",
              "speed": null,
              "pass": false,
              "fail": true,
              "pending": false,
              "context": null,
              "code": "cy.get('#board-size').then(function (board) {\n  cy.get('#generate-board').should('be.onTheRightOf', board);\n});",
              "err": {
                "message": "CypressError: Timed out retrying: Expected to find element: '#board-size', but never found it.",
                "estack": "CypressError: Timed out retrying: Expected to find element: '#board-size', but never found it.\n    at cypressErr (http://localhost:40523/__cypress/runner/cypress_runner.js:149934:9)\n    at throwErr (http://localhost:40523/__cypress/runner/cypress_runner.js:149867:11)\n    at Object.throwErrByPath (http://localhost:40523/__cypress/runner/cypress_runner.js:149915:3)\n    at retry (http://localhost:40523/__cypress/runner/cypress_runner.js:144197:19)\n    at onFailFn (http://localhost:40523/__cypress/runner/cypress_runner.js:132448:16)\n    at tryCatcher (http://localhost:40523/__cypress/runner/cypress_runner.js:167415:23)\n    at Promise._settlePromiseFromHandler (http://localhost:40523/__cypress/runner/cypress_runner.js:165351:31)\n    at Promise._settlePromise (http://localhost:40523/__cypress/runner/cypress_runner.js:165408:18)\n    at Promise._settlePromise0 (http://localhost:40523/__cypress/runner/cypress_runner.js:165453:10)\n    at Promise._settlePromises (http://localhost:40523/__cypress/runner/cypress_runner.js:165528:18)\n    at Async../node_modules/bluebird/js/release/async.js.Async._drainQueue (http://localhost:40523/__cypress/runner/cypress_runner.js:162140:16)\n    at Async../node_modules/bluebird/js/release/async.js.Async._drainQueues (http://localhost:40523/__cypress/runner/cypress_runner.js:162150:10)\n    at Async.drainQueues (http://localhost:40523/__cypress/runner/cypress_runner.js:162024:14)",
                "diff": null
              },
              "uuid": "71f825d9-02c9-42aa-9a4e-ea35e978640b",
              "parentUUID": "3d9606d7-00eb-4fc2-897c-5ddff4938381",
              "isHook": false,
              "skipped": false
            },
            {
              "title": "Verifica se nenhum valor for colocado no input ao clicar no botão, um `alert` é exibido com o texto: 'Board inválido!'",
              "fullTitle": "10 - Faça o quadro de pixels ter seu tamanho definido pelo usuário. Verifica se nenhum valor for colocado no input ao clicar no botão, um `alert` é exibido com o texto: 'Board inválido!'",
              "timedOut": null,
              "duration": 4463,
              "state": "failed",
              "speed": null,
              "pass": false,
              "fail": true,
              "pending": false,
              "context": null,
              "code": "var alerted = false;\ncy.on('window:alert', function (msg) {\n  return alerted = msg;\n});\ncy.get('#generate-board').click().then(function () {\n  return expect(alerted).to.match(/Board inválido!/i);\n});",
              "err": {
                "message": "CypressError: Timed out retrying: Expected to find element: '#generate-board', but never found it.",
                "estack": "CypressError: Timed out retrying: Expected to find element: '#generate-board', but never found it.\n    at cypressErr (http://localhost:40523/__cypress/runner/cypress_runner.js:149934:9)\n    at throwErr (http://localhost:40523/__cypress/runner/cypress_runner.js:149867:11)\n    at Object.throwErrByPath (http://localhost:40523/__cypress/runner/cypress_runner.js:149915:3)\n    at retry (http://localhost:40523/__cypress/runner/cypress_runner.js:144197:19)\n    at onFailFn (http://localhost:40523/__cypress/runner/cypress_runner.js:132448:16)\n    at tryCatcher (http://localhost:40523/__cypress/runner/cypress_runner.js:167415:23)\n    at Promise._settlePromiseFromHandler (http://localhost:40523/__cypress/runner/cypress_runner.js:165351:31)\n    at Promise._settlePromise (http://localhost:40523/__cypress/runner/cypress_runner.js:165408:18)\n    at Promise._settlePromise0 (http://localhost:40523/__cypress/runner/cypress_runner.js:165453:10)\n    at Promise._settlePromises (http://localhost:40523/__cypress/runner/cypress_runner.js:165528:18)\n    at Async../node_modules/bluebird/js/release/async.js.Async._drainQueue (http://localhost:40523/__cypress/runner/cypress_runner.js:162140:16)\n    at Async../node_modules/bluebird/js/release/async.js.Async._drainQueues (http://localhost:40523/__cypress/runner/cypress_runner.js:162150:10)\n    at Async.drainQueues (http://localhost:40523/__cypress/runner/cypress_runner.js:162024:14)",
                "diff": null
              },
              "uuid": "bdec0dee-70d1-4672-a586-032425124ac6",
              "parentUUID": "3d9606d7-00eb-4fc2-897c-5ddff4938381",
              "isHook": false,
              "skipped": false
            },
            {
              "title": "Verifica se ao clicar no botão com um valor preenchido, o tamanho do board muda.",
              "fullTitle": "10 - Faça o quadro de pixels ter seu tamanho definido pelo usuário. Verifica se ao clicar no botão com um valor preenchido, o tamanho do board muda.",
              "timedOut": null,
              "duration": 4715,
              "state": "failed",
              "speed": null,
              "pass": false,
              "fail": true,
              "pending": false,
              "context": null,
              "code": "cy.get('#board-size').clear().type(10);\ncy.get('#generate-board').click();\ncy.get('.pixel').should('have.length', 100);",
              "err": {
                "message": "CypressError: Timed out retrying: Expected to find element: '#board-size', but never found it.",
                "estack": "CypressError: Timed out retrying: Expected to find element: '#board-size', but never found it.\n    at cypressErr (http://localhost:40523/__cypress/runner/cypress_runner.js:149934:9)\n    at throwErr (http://localhost:40523/__cypress/runner/cypress_runner.js:149867:11)\n    at Object.throwErrByPath (http://localhost:40523/__cypress/runner/cypress_runner.js:149915:3)\n    at retry (http://localhost:40523/__cypress/runner/cypress_runner.js:144197:19)\n    at onFailFn (http://localhost:40523/__cypress/runner/cypress_runner.js:132448:16)\n    at tryCatcher (http://localhost:40523/__cypress/runner/cypress_runner.js:167415:23)\n    at Promise._settlePromiseFromHandler (http://localhost:40523/__cypress/runner/cypress_runner.js:165351:31)\n    at Promise._settlePromise (http://localhost:40523/__cypress/runner/cypress_runner.js:165408:18)\n    at Promise._settlePromise0 (http://localhost:40523/__cypress/runner/cypress_runner.js:165453:10)\n    at Promise._settlePromises (http://localhost:40523/__cypress/runner/cypress_runner.js:165528:18)\n    at Async../node_modules/bluebird/js/release/async.js.Async._drainQueue (http://localhost:40523/__cypress/runner/cypress_runner.js:162140:16)\n    at Async../node_modules/bluebird/js/release/async.js.Async._drainQueues (http://localhost:40523/__cypress/runner/cypress_runner.js:162150:10)\n    at Async.drainQueues (http://localhost:40523/__cypress/runner/cypress_runner.js:162024:14)",
                "diff": null
              },
              "uuid": "d98977a7-ee8d-4184-a194-30e8e8390c1e",
              "parentUUID": "3d9606d7-00eb-4fc2-897c-5ddff4938381",
              "isHook": false,
              "skipped": false
            },
            {
              "title": "Verifica se o novo quadro tem todos os pixels preenchidos com a cor branca",
              "fullTitle": "10 - Faça o quadro de pixels ter seu tamanho definido pelo usuário. Verifica se o novo quadro tem todos os pixels preenchidos com a cor branca",
              "timedOut": null,
              "duration": 4856,
              "state": "failed",
              "speed": null,
              "pass": false,
              "fail": true,
              "pending": false,
              "context": null,
              "code": "cy.get('#board-size').clear().type(6);\ncy.get('#generate-board').click();\ncy.get('.pixel').should('have.length', 36).each(function (pixel) {\n  expect(pixel).to.have.css('background-color', WHITE);\n});",
              "err": {
                "message": "CypressError: Timed out retrying: Expected to find element: '#board-size', but never found it.",
                "estack": "CypressError: Timed out retrying: Expected to find element: '#board-size', but never found it.\n    at cypressErr (http://localhost:40523/__cypress/runner/cypress_runner.js:149934:9)\n    at throwErr (http://localhost:40523/__cypress/runner/cypress_runner.js:149867:11)\n    at Object.throwErrByPath (http://localhost:40523/__cypress/runner/cypress_runner.js:149915:3)\n    at retry (http://localhost:40523/__cypress/runner/cypress_runner.js:144197:19)\n    at onFailFn (http://localhost:40523/__cypress/runner/cypress_runner.js:132448:16)\n    at tryCatcher (http://localhost:40523/__cypress/runner/cypress_runner.js:167415:23)\n    at Promise._settlePromiseFromHandler (http://localhost:40523/__cypress/runner/cypress_runner.js:165351:31)\n    at Promise._settlePromise (http://localhost:40523/__cypress/runner/cypress_runner.js:165408:18)\n    at Promise._settlePromise0 (http://localhost:40523/__cypress/runner/cypress_runner.js:165453:10)\n    at Promise._settlePromises (http://localhost:40523/__cypress/runner/cypress_runner.js:165528:18)\n    at Async../node_modules/bluebird/js/release/async.js.Async._drainQueue (http://localhost:40523/__cypress/runner/cypress_runner.js:162140:16)\n    at Async../node_modules/bluebird/js/release/async.js.Async._drainQueues (http://localhost:40523/__cypress/runner/cypress_runner.js:162150:10)\n    at Async.drainQueues (http://localhost:40523/__cypress/runner/cypress_runner.js:162024:14)",
                "diff": null
              },
              "uuid": "30b4a148-575b-45d6-8edb-1b601d81c7b6",
              "parentUUID": "3d9606d7-00eb-4fc2-897c-5ddff4938381",
              "isHook": false,
              "skipped": false
            }
          ],
          "suites": [],
          "passes": [],
          "failures": [
            "80d9df6a-81b4-4429-a09f-5007654d5eac",
            "62600145-c3de-49a0-ad1b-7e052c95a8f6",
            "3d9dbca6-6a06-4911-aa05-427b725b173f",
            "5f385fb6-2a24-4108-8321-dd10d81d2a94",
            "c1ec3968-1e64-45b2-9985-90701c0b51c1",
            "71f825d9-02c9-42aa-9a4e-ea35e978640b",
            "bdec0dee-70d1-4672-a586-032425124ac6",
            "d98977a7-ee8d-4184-a194-30e8e8390c1e",
            "30b4a148-575b-45d6-8edb-1b601d81c7b6"
          ],
          "pending": [],
          "skipped": [],
          "duration": 41300,
          "root": false,
          "rootEmpty": false,
          "_timeout": 2000
        },
        {
          "uuid": "43c9ade3-0061-4f50-a602-2edf027a9932",
          "title": "11 - Limite o tamanho mínimo e máximo do board.",
          "fullFile": "",
          "file": "",
          "beforeHooks": [],
          "afterHooks": [],
          "tests": [
            {
              "title": "Verifica se a altura máxima do board é 50",
              "fullTitle": "11 - Limite o tamanho mínimo e máximo do board. Verifica se a altura máxima do board é 50",
              "timedOut": null,
              "duration": 4930,
              "state": "failed",
              "speed": null,
              "pass": false,
              "fail": true,
              "pending": false,
              "context": null,
              "code": "cy.get('#board-size').clear().type(50);\ncy.get('#generate-board').click();\ncy.get('.pixel').should('have.length', 2500);",
              "err": {
                "message": "CypressError: Timed out retrying: Expected to find element: '#board-size', but never found it.",
                "estack": "CypressError: Timed out retrying: Expected to find element: '#board-size', but never found it.\n    at cypressErr (http://localhost:40523/__cypress/runner/cypress_runner.js:149934:9)\n    at throwErr (http://localhost:40523/__cypress/runner/cypress_runner.js:149867:11)\n    at Object.throwErrByPath (http://localhost:40523/__cypress/runner/cypress_runner.js:149915:3)\n    at retry (http://localhost:40523/__cypress/runner/cypress_runner.js:144197:19)\n    at onFailFn (http://localhost:40523/__cypress/runner/cypress_runner.js:132448:16)\n    at tryCatcher (http://localhost:40523/__cypress/runner/cypress_runner.js:167415:23)\n    at Promise._settlePromiseFromHandler (http://localhost:40523/__cypress/runner/cypress_runner.js:165351:31)\n    at Promise._settlePromise (http://localhost:40523/__cypress/runner/cypress_runner.js:165408:18)\n    at Promise._settlePromise0 (http://localhost:40523/__cypress/runner/cypress_runner.js:165453:10)\n    at Promise._settlePromises (http://localhost:40523/__cypress/runner/cypress_runner.js:165528:18)\n    at Async../node_modules/bluebird/js/release/async.js.Async._drainQueue (http://localhost:40523/__cypress/runner/cypress_runner.js:162140:16)\n    at Async../node_modules/bluebird/js/release/async.js.Async._drainQueues (http://localhost:40523/__cypress/runner/cypress_runner.js:162150:10)\n    at Async.drainQueues (http://localhost:40523/__cypress/runner/cypress_runner.js:162024:14)",
                "diff": null
              },
              "uuid": "c2a0f112-4419-4e15-9c75-b10115c03b6d",
              "parentUUID": "43c9ade3-0061-4f50-a602-2edf027a9932",
              "isHook": false,
              "skipped": false
            },
            {
              "title": "Verifica se a altura do board é 5 quando um valor menor é colocado no input",
              "fullTitle": "11 - Limite o tamanho mínimo e máximo do board. Verifica se a altura do board é 5 quando um valor menor é colocado no input",
              "timedOut": null,
              "duration": 5023,
              "state": "failed",
              "speed": null,
              "pass": false,
              "fail": true,
              "pending": false,
              "context": null,
              "code": "cy.get('#board-size').clear().type(4);\ncy.get('#generate-board').click();\ncy.get('.pixel').should('have.length', 25);",
              "err": {
                "message": "CypressError: Timed out retrying: Expected to find element: '#board-size', but never found it.",
                "estack": "CypressError: Timed out retrying: Expected to find element: '#board-size', but never found it.\n    at cypressErr (http://localhost:40523/__cypress/runner/cypress_runner.js:149934:9)\n    at throwErr (http://localhost:40523/__cypress/runner/cypress_runner.js:149867:11)\n    at Object.throwErrByPath (http://localhost:40523/__cypress/runner/cypress_runner.js:149915:3)\n    at retry (http://localhost:40523/__cypress/runner/cypress_runner.js:144197:19)\n    at onFailFn (http://localhost:40523/__cypress/runner/cypress_runner.js:132448:16)\n    at tryCatcher (http://localhost:40523/__cypress/runner/cypress_runner.js:167415:23)\n    at Promise._settlePromiseFromHandler (http://localhost:40523/__cypress/runner/cypress_runner.js:165351:31)\n    at Promise._settlePromise (http://localhost:40523/__cypress/runner/cypress_runner.js:165408:18)\n    at Promise._settlePromise0 (http://localhost:40523/__cypress/runner/cypress_runner.js:165453:10)\n    at Promise._settlePromises (http://localhost:40523/__cypress/runner/cypress_runner.js:165528:18)\n    at Async../node_modules/bluebird/js/release/async.js.Async._drainQueue (http://localhost:40523/__cypress/runner/cypress_runner.js:162140:16)\n    at Async../node_modules/bluebird/js/release/async.js.Async._drainQueues (http://localhost:40523/__cypress/runner/cypress_runner.js:162150:10)\n    at Async.drainQueues (http://localhost:40523/__cypress/runner/cypress_runner.js:162024:14)",
                "diff": null
              },
              "uuid": "4df51221-2950-4a07-9b4e-de63541be2c0",
              "parentUUID": "43c9ade3-0061-4f50-a602-2edf027a9932",
              "isHook": false,
              "skipped": false
            },
            {
              "title": "Verifica se a altura do board é 50 quando um valor maior é colocado no input",
              "fullTitle": "11 - Limite o tamanho mínimo e máximo do board. Verifica se a altura do board é 50 quando um valor maior é colocado no input",
              "timedOut": null,
              "duration": 4894,
              "state": "failed",
              "speed": null,
              "pass": false,
              "fail": true,
              "pending": false,
              "context": null,
              "code": "cy.get('#board-size').clear().type(51);\ncy.get('#generate-board').click();\ncy.get('.pixel').should('have.length', 2500);",
              "err": {
                "message": "CypressError: Timed out retrying: Expected to find element: '#board-size', but never found it.",
                "estack": "CypressError: Timed out retrying: Expected to find element: '#board-size', but never found it.\n    at cypressErr (http://localhost:40523/__cypress/runner/cypress_runner.js:149934:9)\n    at throwErr (http://localhost:40523/__cypress/runner/cypress_runner.js:149867:11)\n    at Object.throwErrByPath (http://localhost:40523/__cypress/runner/cypress_runner.js:149915:3)\n    at retry (http://localhost:40523/__cypress/runner/cypress_runner.js:144197:19)\n    at onFailFn (http://localhost:40523/__cypress/runner/cypress_runner.js:132448:16)\n    at tryCatcher (http://localhost:40523/__cypress/runner/cypress_runner.js:167415:23)\n    at Promise._settlePromiseFromHandler (http://localhost:40523/__cypress/runner/cypress_runner.js:165351:31)\n    at Promise._settlePromise (http://localhost:40523/__cypress/runner/cypress_runner.js:165408:18)\n    at Promise._settlePromise0 (http://localhost:40523/__cypress/runner/cypress_runner.js:165453:10)\n    at Promise._settlePromises (http://localhost:40523/__cypress/runner/cypress_runner.js:165528:18)\n    at Async../node_modules/bluebird/js/release/async.js.Async._drainQueue (http://localhost:40523/__cypress/runner/cypress_runner.js:162140:16)\n    at Async../node_modules/bluebird/js/release/async.js.Async._drainQueues (http://localhost:40523/__cypress/runner/cypress_runner.js:162150:10)\n    at Async.drainQueues (http://localhost:40523/__cypress/runner/cypress_runner.js:162024:14)",
                "diff": null
              },
              "uuid": "3fb289b2-b7e7-4da9-a0fd-5ea10aaeafdc",
              "parentUUID": "43c9ade3-0061-4f50-a602-2edf027a9932",
              "isHook": false,
              "skipped": false
            }
          ],
          "suites": [],
          "passes": [],
          "failures": [
            "c2a0f112-4419-4e15-9c75-b10115c03b6d",
            "4df51221-2950-4a07-9b4e-de63541be2c0",
            "3fb289b2-b7e7-4da9-a0fd-5ea10aaeafdc"
          ],
          "pending": [],
          "skipped": [],
          "duration": 14847,
          "root": false,
          "rootEmpty": false,
          "_timeout": 2000
        },
        {
          "uuid": "f0b8f0c2-b06d-48a8-91f3-a7cc8831e040",
          "title": "12 - Faça com que as cores da paleta sejam geradas aleatoriamente ao carregar a página.",
          "fullFile": "",
          "file": "",
          "beforeHooks": [],
          "afterHooks": [],
          "tests": [
            {
              "title": "Verifica se as cores geradas na paleta são diferentes a cada carregamento da página",
              "fullTitle": "12 - Faça com que as cores da paleta sejam geradas aleatoriamente ao carregar a página. Verifica se as cores geradas na paleta são diferentes a cada carregamento da página",
              "timedOut": null,
              "duration": 1233,
              "state": "failed",
              "speed": null,
              "pass": false,
              "fail": true,
              "pending": false,
              "context": null,
              "code": "cy.get('.color').then(function (colors) {\n  var currentColors;\n  var previousColors;\n  previousColors = Array.from(colors).map(function (color) {\n    return Cypress.$(color).css('background-color');\n  });\n  for (var i = 0; i < 5; i += 1) {\n    cy.reload();\n    cy.get('.color').then(function (colors) {\n      currentColors = Array.from(colors).map(function (color) {\n        return Cypress.$(color).css('background-color');\n      });\n      expect(currentColors).not.to.deep.equal(previousColors);\n      previousColors = currentColors;\n    });\n  }\n});",
              "err": {
                "message": "AssertionError: expected [ Array(4) ] to not deeply equal [ Array(4) ]",
                "estack": "AssertionError: expected [ Array(4) ] to not deeply equal [ Array(4) ]\n    at getRet (http://localhost:40523/__cypress/runner/cypress_runner.js:136585:16)\n    at tryCatcher (http://localhost:40523/__cypress/runner/cypress_runner.js:167415:23)\n    at Function.Promise.attempt.Promise.try (http://localhost:40523/__cypress/runner/cypress_runner.js:164690:29)\n    at Context.thenFn (http://localhost:40523/__cypress/runner/cypress_runner.js:136599:23)\n    at Context.then (http://localhost:40523/__cypress/runner/cypress_runner.js:136971:21)\n    at Context.<anonymous> (http://localhost:40523/__cypress/runner/cypress_runner.js:148875:21)\n    at http://localhost:40523/__cypress/runner/cypress_runner.js:148351:33\n    at tryCatcher (http://localhost:40523/__cypress/runner/cypress_runner.js:167415:23)\n    at Promise._settlePromiseFromHandler (http://localhost:40523/__cypress/runner/cypress_runner.js:165351:31)\n    at Promise._settlePromise (http://localhost:40523/__cypress/runner/cypress_runner.js:165408:18)\n    at Promise._settlePromiseCtx (http://localhost:40523/__cypress/runner/cypress_runner.js:165445:10)\n    at Async../node_modules/bluebird/js/release/async.js.Async._drainQueue (http://localhost:40523/__cypress/runner/cypress_runner.js:162145:12)\n    at Async../node_modules/bluebird/js/release/async.js.Async._drainQueues (http://localhost:40523/__cypress/runner/cypress_runner.js:162150:10)\n    at Async.drainQueues (http://localhost:40523/__cypress/runner/cypress_runner.js:162024:14)",
                "diff": ""
              },
              "uuid": "f6f6822c-f78c-4562-9bc7-e9754d0bca8f",
              "parentUUID": "f0b8f0c2-b06d-48a8-91f3-a7cc8831e040",
              "isHook": false,
              "skipped": false
            },
            {
              "title": "Verifica se a cor preta ainda está presente e é a primeira na sua paleta de cores",
              "fullTitle": "12 - Faça com que as cores da paleta sejam geradas aleatoriamente ao carregar a página. Verifica se a cor preta ainda está presente e é a primeira na sua paleta de cores",
              "timedOut": null,
              "duration": 903,
              "state": "failed",
              "speed": null,
              "pass": false,
              "fail": true,
              "pending": false,
              "context": null,
              "code": "cy.get('.color').then(function (colors) {\n  var currentColors;\n  var previousColors;\n  previousColors = Array.from(colors).map(function (color) {\n    return Cypress.$(color).css('background-color');\n  });\n  expect(previousColors[0]).to.eq(BLACK);\n  for (var i = 0; i < 5; i += 1) {\n    cy.reload();\n    cy.get('.color').then(function (colors) {\n      currentColors = Array.from(colors).map(function (color) {\n        return Cypress.$(color).css('background-color');\n      });\n      expect(currentColors[0]).to.eq(BLACK);\n      expect(currentColors).not.to.deep.equal(previousColors);\n      previousColors = currentColors;\n    });\n  }\n});",
              "err": {
                "message": "AssertionError: expected [ Array(4) ] to not deeply equal [ Array(4) ]",
                "estack": "AssertionError: expected [ Array(4) ] to not deeply equal [ Array(4) ]\n    at getRet (http://localhost:40523/__cypress/runner/cypress_runner.js:136585:16)\n    at tryCatcher (http://localhost:40523/__cypress/runner/cypress_runner.js:167415:23)\n    at Function.Promise.attempt.Promise.try (http://localhost:40523/__cypress/runner/cypress_runner.js:164690:29)\n    at Context.thenFn (http://localhost:40523/__cypress/runner/cypress_runner.js:136599:23)\n    at Context.then (http://localhost:40523/__cypress/runner/cypress_runner.js:136971:21)\n    at Context.<anonymous> (http://localhost:40523/__cypress/runner/cypress_runner.js:148875:21)\n    at http://localhost:40523/__cypress/runner/cypress_runner.js:148351:33\n    at tryCatcher (http://localhost:40523/__cypress/runner/cypress_runner.js:167415:23)\n    at Promise._settlePromiseFromHandler (http://localhost:40523/__cypress/runner/cypress_runner.js:165351:31)\n    at Promise._settlePromise (http://localhost:40523/__cypress/runner/cypress_runner.js:165408:18)\n    at Promise._settlePromiseCtx (http://localhost:40523/__cypress/runner/cypress_runner.js:165445:10)\n    at Async../node_modules/bluebird/js/release/async.js.Async._drainQueue (http://localhost:40523/__cypress/runner/cypress_runner.js:162145:12)\n    at Async../node_modules/bluebird/js/release/async.js.Async._drainQueues (http://localhost:40523/__cypress/runner/cypress_runner.js:162150:10)\n    at Async.drainQueues (http://localhost:40523/__cypress/runner/cypress_runner.js:162024:14)",
                "diff": ""
              },
              "uuid": "21fc700f-6dd8-429c-9b41-c494f41a46a4",
              "parentUUID": "f0b8f0c2-b06d-48a8-91f3-a7cc8831e040",
              "isHook": false,
              "skipped": false
            }
          ],
          "suites": [],
          "passes": [],
          "failures": [
            "f6f6822c-f78c-4562-9bc7-e9754d0bca8f",
            "21fc700f-6dd8-429c-9b41-c494f41a46a4"
          ],
          "pending": [],
          "skipped": [],
          "duration": 2136,
          "root": false,
          "rootEmpty": false,
          "_timeout": 2000
        }
      ],
      "passes": [],
      "failures": [],
      "pending": [],
      "skipped": [],
      "duration": 0,
      "root": true,
      "rootEmpty": true,
      "_timeout": 2000
    }
  ],
  "meta": {
    "mocha": {
      "version": "7.0.1"
    },
    "mochawesome": {
      "options": {
        "quiet": false,
        "reportFilename": "mochawesome",
        "saveHtml": false,
        "saveJson": true,
        "consoleReporter": "spec",
        "useInlineDiffs": false
      },
      "version": "4.1.0"
    },
    "marge": {
      "options": {
        "id": "default",
        "reportDir": "cypress/reports",
        "overwrite": true,
        "html": false,
        "json": true
      },
      "version": "4.1.0"
    }
  }
}